<?xml version="1.0" encoding="UTF-8"?>
<!-- Generated by org.testng.reporters.JUnitReportReporter -->
<testsuite name="com.ethoca.automation.challenge.testngMaven.TestNgExample" tests="1" time="23.549" ignored="0" failures="0" timestamp="19 Apr 2019 01:56:37 GMT" skipped="0" hostname="Kishans-MacBook-Air.local" errors="0">
  <testcase name="EthocaChallenge" time="23.549" classname="com.ethoca.automation.challenge.testngMaven.TestNgExample"/>
</testsuite> <!-- com.ethoca.automation.challenge.testngMaven.TestNgExample -->
