<?xml version="1.0" encoding="UTF-8"?>
<!-- Generated by org.testng.reporters.JUnitReportReporter -->
<testsuite name="com.ethoca.automation.challenge.testngMaven.TestNgExample" tests="1" time="17.623" ignored="0" failures="0" timestamp="18 Apr 2019 21:16:24 GMT" skipped="0" hostname="CI0700000003457" errors="0">
  <testcase name="EthocaChallenge" time="17.623" classname="com.ethoca.automation.challenge.testngMaven.TestNgExample"/>
</testsuite> <!-- com.ethoca.automation.challenge.testngMaven.TestNgExample -->
