<?xml version="1.0" encoding="UTF-8"?>
<!-- Generated by org.testng.reporters.JUnitReportReporter -->
<testsuite name="com.ethoca.automation.challenge.testngMaven.EthocaTestCase" tests="1" time="5.854" ignored="0" failures="0" timestamp="20 Apr 2019 02:06:34 GMT" skipped="0" hostname="Kishans-MacBook-Air.local" errors="0">
  <testcase name="EthocaChallenge" time="5.854" classname="com.ethoca.automation.challenge.testngMaven.EthocaTestCase"/>
</testsuite> <!-- com.ethoca.automation.challenge.testngMaven.EthocaTestCase -->
