<?xml version="1.0" encoding="UTF-8"?>
<!-- Generated by org.testng.reporters.JUnitReportReporter -->
<testsuite name="com.ethoca.automation.challenge.testngMaven.EthocaTestCase" tests="1" time="19.541" ignored="0" failures="0" timestamp="19 Apr 2019 16:00:44 GMT" skipped="0" hostname="Kishans-MacBook-Air.local" errors="0">
  <testcase name="EthocaChallenge" time="19.541" classname="com.ethoca.automation.challenge.testngMaven.EthocaTestCase"/>
</testsuite> <!-- com.ethoca.automation.challenge.testngMaven.EthocaTestCase -->
