<?xml version="1.0" encoding="UTF-8"?>
<!-- Generated by org.testng.reporters.JUnitReportReporter -->
<testsuite name="com.ethoca.automation.challenge.testngMaven.EthocaTestCase" tests="1" time="20.389" ignored="0" failures="0" timestamp="19 Apr 2019 02:46:09 GMT" skipped="0" hostname="Kishans-MacBook-Air.local" errors="0">
  <testcase name="EthocaChallenge" time="20.389" classname="com.ethoca.automation.challenge.testngMaven.EthocaTestCase"/>
</testsuite> <!-- com.ethoca.automation.challenge.testngMaven.EthocaTestCase -->
